<?xml version="1.0" encoding="UTF-8"?>
<testsuite xmlns:xsi="http://www.w3.org/2001/XMLSchema-instance" xsi:noNamespaceSchemaLocation="https://maven.apache.org/surefire/maven-surefire-plugin/xsd/surefire-test-report-3.0.xsd" version="3.0" name="coe528.lab1.FlightTest" time="0.101" tests="17" errors="0" skipped="0" failures="0">
  <properties>
    <property name="java.specification.version" value="20"/>
    <property name="sun.cpu.isalist" value="amd64"/>
    <property name="sun.jnu.encoding" value="Cp1252"/>
    <property name="java.class.path" value="C:\Users\lphew01550\Documents\coe528\lab1\FlightBooking\target\test-classes;C:\Users\lphew01550\Documents\coe528\lab1\FlightBooking\target\classes;C:\Users\lphew01550\.m2\repository\org\junit\jupiter\junit-jupiter-api\5.6.0\junit-jupiter-api-5.6.0.jar;C:\Users\lphew01550\.m2\repository\org\apiguardian\apiguardian-api\1.1.0\apiguardian-api-1.1.0.jar;C:\Users\lphew01550\.m2\repository\org\opentest4j\opentest4j\1.2.0\opentest4j-1.2.0.jar;C:\Users\lphew01550\.m2\repository\org\junit\platform\junit-platform-commons\1.6.0\junit-platform-commons-1.6.0.jar;C:\Users\lphew01550\.m2\repository\org\junit\jupiter\junit-jupiter-params\5.6.0\junit-jupiter-params-5.6.0.jar;C:\Users\lphew01550\.m2\repository\org\junit\jupiter\junit-jupiter-engine\5.6.0\junit-jupiter-engine-5.6.0.jar;C:\Users\lphew01550\.m2\repository\org\junit\platform\junit-platform-engine\1.6.0\junit-platform-engine-1.6.0.jar;"/>
    <property name="java.vm.vendor" value="Oracle Corporation"/>
    <property name="sun.arch.data.model" value="64"/>
    <property name="user.variant" value=""/>
    <property name="java.vendor.url" value="https://java.oracle.com/"/>
    <property name="user.timezone" value="America/Toronto"/>
    <property name="os.name" value="Windows 11"/>
    <property name="java.vm.specification.version" value="20"/>
    <property name="user.country" value="CA"/>
    <property name="sun.java.launcher" value="SUN_STANDARD"/>
    <property name="sun.boot.library.path" value="C:\Program Files\Java\jdk-20\bin"/>
    <property name="sun.java.command" value="C:\Users\lphew01550\AppData\Local\Temp\surefire16154278264884279196\surefirebooter-20240128232553640_3.jar C:\Users\lphew01550\AppData\Local\Temp\surefire16154278264884279196 2024-01-28T23-25-53_429-jvmRun1 surefire-20240128232553640_1tmp surefire_0-20240128232553640_2tmp"/>
    <property name="jdk.debug" value="release"/>
    <property name="test" value="coe528.lab1.FlightTest"/>
    <property name="surefire.test.class.path" value="C:\Users\lphew01550\Documents\coe528\lab1\FlightBooking\target\test-classes;C:\Users\lphew01550\Documents\coe528\lab1\FlightBooking\target\classes;C:\Users\lphew01550\.m2\repository\org\junit\jupiter\junit-jupiter-api\5.6.0\junit-jupiter-api-5.6.0.jar;C:\Users\lphew01550\.m2\repository\org\apiguardian\apiguardian-api\1.1.0\apiguardian-api-1.1.0.jar;C:\Users\lphew01550\.m2\repository\org\opentest4j\opentest4j\1.2.0\opentest4j-1.2.0.jar;C:\Users\lphew01550\.m2\repository\org\junit\platform\junit-platform-commons\1.6.0\junit-platform-commons-1.6.0.jar;C:\Users\lphew01550\.m2\repository\org\junit\jupiter\junit-jupiter-params\5.6.0\junit-jupiter-params-5.6.0.jar;C:\Users\lphew01550\.m2\repository\org\junit\jupiter\junit-jupiter-engine\5.6.0\junit-jupiter-engine-5.6.0.jar;C:\Users\lphew01550\.m2\repository\org\junit\platform\junit-platform-engine\1.6.0\junit-platform-engine-1.6.0.jar;"/>
    <property name="sun.cpu.endian" value="little"/>
    <property name="user.home" value="C:\Users\lphew01550"/>
    <property name="user.language" value="en"/>
    <property name="java.specification.vendor" value="Oracle Corporation"/>
    <property name="java.version.date" value="2023-07-18"/>
    <property name="java.home" value="C:\Program Files\Java\jdk-20"/>
    <property name="file.separator" value="\"/>
    <property name="basedir" value="C:\Users\lphew01550\Documents\coe528\lab1\FlightBooking"/>
    <property name="java.vm.compressedOopsMode" value="32-bit"/>
    <property name="line.separator" value="&#10;"/>
    <property name="java.vm.specification.vendor" value="Oracle Corporation"/>
    <property name="java.specification.name" value="Java Platform API Specification"/>
    <property name="surefire.real.class.path" value="C:\Users\lphew01550\AppData\Local\Temp\surefire16154278264884279196\surefirebooter-20240128232553640_3.jar"/>
    <property name="user.script" value=""/>
    <property name="sun.management.compiler" value="HotSpot 64-Bit Tiered Compilers"/>
    <property name="java.runtime.version" value="20.0.2+9-78"/>
    <property name="user.name" value="lphew01550"/>
    <property name="stdout.encoding" value="Cp1252"/>
    <property name="path.separator" value=";"/>
    <property name="os.version" value="10.0"/>
    <property name="java.runtime.name" value="Java(TM) SE Runtime Environment"/>
    <property name="file.encoding" value="UTF-8"/>
    <property name="java.vm.name" value="Java HotSpot(TM) 64-Bit Server VM"/>
    <property name="maven.ext.class.path" value="C:\Program Files\NetBeans-19\netbeans\java\maven-nblib\netbeans-eventspy.jar"/>
    <property name="localRepository" value="C:\Users\lphew01550\.m2\repository"/>
    <property name="java.vendor.url.bug" value="https://bugreport.java.com/bugreport/"/>
    <property name="java.io.tmpdir" value="C:\Users\LPHEW0~1\AppData\Local\Temp\"/>
    <property name="java.version" value="20.0.2"/>
    <property name="user.dir" value="C:\Users\lphew01550\Documents\coe528\lab1\FlightBooking"/>
    <property name="os.arch" value="amd64"/>
    <property name="java.vm.specification.name" value="Java Virtual Machine Specification"/>
    <property name="sun.os.patch.level" value=""/>
    <property name="native.encoding" value="Cp1252"/>
    <property name="java.library.path" value="C:\Program Files\Java\jdk-20\bin;C:\WINDOWS\Sun\Java\bin;C:\WINDOWS\system32;C:\WINDOWS;C:\Program Files\Common Files\Oracle\Java\javapath;C:\windows\system32;C:\windows;C:\windows\System32\Wbem;C:\windows\System32\WindowsPowerShell\v1.0\;C:\windows\System32\OpenSSH\;C:\Program Files (x86)\NVIDIA Corporation\PhysX\Common;C:\WINDOWS\system32;C:\WINDOWS;C:\WINDOWS\System32\Wbem;C:\WINDOWS\System32\WindowsPowerShell\v1.0\;C:\WINDOWS\System32\OpenSSH\;C:\Program Files\dotnet\;C:\Program Files\NVIDIA Corporation\NVIDIA NvDLISR;C:\Program Files\Java\jdk-20\bin;C:\Program Files (x86)\Bitvise SSH Client;C:\Program Files (x86)\Windows Kits\10\Windows Performance Toolkit\;C:\MinGW\bin;C:\Users\lphew01550\AppData\Local\Programs\Eclipse Adoptium\jdk-17.0.8.101-hotspot\bin;C:\Users\lphew01550\AppData\Local\Programs\Python\Python311\Scripts\;C:\Users\lphew01550\AppData\Local\Programs\Python\Python311\;C:\Users\lphew01550\AppData\Local\Microsoft\WindowsApps;;C:\Users\lphew01550\AppData\Local\Programs\Microsoft VS Code\bin;C:\altera\13.0sp1\modelsim_ase\win32aloem;."/>
    <property name="java.vm.info" value="mixed mode, sharing"/>
    <property name="stderr.encoding" value="Cp1252"/>
    <property name="java.vendor" value="Oracle Corporation"/>
    <property name="java.vm.version" value="20.0.2+9-78"/>
    <property name="sun.io.unicode.encoding" value="UnicodeLittle"/>
    <property name="java.class.version" value="64.0"/>
  </properties>
  <testcase name="testGetorigin" classname="coe528.lab1.FlightTest" time="0.025">
    <system-out><![CDATA[getorigin
]]></system-out>
  </testcase>
  <testcase name="testtoString" classname="coe528.lab1.FlightTest" time="0.016">
    <system-out><![CDATA[toString
]]></system-out>
  </testcase>
  <testcase name="testGetoriginalPrice" classname="coe528.lab1.FlightTest" time="0.001">
    <system-out><![CDATA[getoriginalPrice
]]></system-out>
  </testcase>
  <testcase name="testGetflightNumber" classname="coe528.lab1.FlightTest" time="0.002">
    <system-out><![CDATA[getflightNumber
]]></system-out>
  </testcase>
  <testcase name="testGetdestination" classname="coe528.lab1.FlightTest" time="0.003">
    <system-out><![CDATA[getdestination
]]></system-out>
  </testcase>
  <testcase name="testSetdepartureTime" classname="coe528.lab1.FlightTest" time="0.001">
    <system-out><![CDATA[setdepartureTime
]]></system-out>
  </testcase>
  <testcase name="testSetflightNumber" classname="coe528.lab1.FlightTest" time="0.001">
    <system-out><![CDATA[setflightNumber
]]></system-out>
  </testcase>
  <testcase name="testSetnumberOfSeatsLeft" classname="coe528.lab1.FlightTest" time="0.001">
    <system-out><![CDATA[setnumberOfSeatsLeft
]]></system-out>
  </testcase>
  <testcase name="testbookASeat" classname="coe528.lab1.FlightTest" time="0.001">
    <system-out><![CDATA[bookASeat
]]></system-out>
  </testcase>
  <testcase name="testGetnumberOfSeatsLeft" classname="coe528.lab1.FlightTest" time="0.001">
    <system-out><![CDATA[getnumberOfSeatsLeft
]]></system-out>
  </testcase>
  <testcase name="testGetdepartureTime" classname="coe528.lab1.FlightTest" time="0.001">
    <system-out><![CDATA[getdepartureTime
]]></system-out>
  </testcase>
  <testcase name="testSetcapacity" classname="coe528.lab1.FlightTest" time="0.002">
    <system-out><![CDATA[setcapacity
]]></system-out>
  </testcase>
  <testcase name="testGetcapacity" classname="coe528.lab1.FlightTest" time="0.001">
    <system-out><![CDATA[getcapacity
]]></system-out>
  </testcase>
  <testcase name="testSetoriginalPrice" classname="coe528.lab1.FlightTest" time="0.002">
    <system-out><![CDATA[setoriginalPrice
]]></system-out>
  </testcase>
  <testcase name="testSetdestination" classname="coe528.lab1.FlightTest" time="0.001">
    <system-out><![CDATA[setdestination
]]></system-out>
  </testcase>
  <testcase name="testConstructor" classname="coe528.lab1.FlightTest" time="0.001">
    <system-out><![CDATA[testConstructor
]]></system-out>
  </testcase>
  <testcase name="testSetorigin" classname="coe528.lab1.FlightTest" time="0.001">
    <system-out><![CDATA[setorigin
]]></system-out>
  </testcase>
</testsuite>